Diagnose log at 2025-11-22T15:53:31Z

AppPath: C:\Program Files\Git\mingw64\bin\git-credential-manager.exe
InstallDir: C:\Program Files\Git\mingw64\bin\
Version: 2.6.1+786ab03440ddc82e807a97c0e540f5247e44cec6

------------
Diagnostic: Environment
Skipped: False
Success: True
Exception: None
Log:
OSType: Windows
OSVersion: 10.0 (build 26200)
Reading environment variables... OK
 Variables:
MSYSTEM_CHOST=x86_64-w64-mingw32
_=C:/Program Files/Git/mingw64/bin/git
ORIGINAL_TMP=C:/Users/Yasmin/AppData/Local/Temp
PUBLIC=C:\Users\Public
ALLUSERSPROFILE=C:\ProgramData
LOGONSERVER=\\DESKTOP-AV2PARO
INFOPATH=C:\Program Files\Git\mingw64\local\info;C:\Program Files\Git\mingw64\share\info;C:\Program Files\Git\usr\local\info;C:\Program Files\Git\usr\share\info;C:\Program Files\Git\usr\info;C:\Program Files\Git\share\info
LOCALAPPDATA=C:\Users\Yasmin\AppData\Local
ProgramData=C:\ProgramData
PKG_CONFIG_PATH=C:\Program Files\Git\mingw64\lib\pkgconfig;C:\Program Files\Git\mingw64\share\pkgconfig
TMPDIR=C:\Users\Yasmin\AppData\Local\Temp
ORIGINAL_PATH=C:\Program Files\Git\mingw64\bin;C:\Program Files\Git\usr\bin;C:\Users\Yasmin\bin;C:\Program Files\MongoDB\Server\8.2\bin;C:\WINDOWS;C:\WINDOWS\System32\Wbem;C:\WINDOWS\System32\WindowsPowerShell\v1.0;C:\WINDOWS\System32\OpenSSH;C:\Program Files\Microsoft VS Code\bin;C:\Program Files\Git\cmd;C:\Users\Administrator\AppData\Local\nvm;C:\nvm4w\nodejs;C:\Program Files\nodejs;C:\Users\Yasmin\AppData\Roaming\npm;C:\Users\Yasmin\AppData\Local\GitHubDesktop\bin
EFC_16316_1592913036=1
ZES_ENABLE_SYSMAN=1
ACLOCAL_PATH=C:\Program Files\Git\mingw64\share\aclocal;C:\Program Files\Git\usr\share\aclocal
COLORTERM=truecolor
ProgramW6432=C:\Program Files
MINGW_PREFIX=C:/Program Files/Git/mingw64
SYSTEMROOT=C:\WINDOWS
MANPATH=C:\Program Files\Git\mingw64\local\man;C:\Program Files\Git\mingw64\share\man;C:\Program Files\Git\usr\local\man;C:\Program Files\Git\usr\share\man;C:\Program Files\Git\usr\man;C:\Program Files\Git\share\man
EFC_16316_2283032206=1
CONFIG_SITE=C:/Program Files/Git/etc/config.site
VSCODE_GIT_ASKPASS_MAIN=c:\Program Files\Microsoft VS Code\resources\app\extensions\git\dist\askpass-main.js
SHELL=C:\Program Files\Git\usr\bin\bash.exe
EFC_16316_3789132940=1
MSYSTEM=MINGW64
OS=Windows_NT
PROCESSOR_ARCHITECTURE=x86
MINGW_PACKAGE_PREFIX=mingw-w64-x86_64
NVM=C:\nvm4w\nodejs
SHLVL=3
PATHEXT=.COM;.EXE;.BAT;.CMD;.VBS;.VBE;.JS;.JSE;.WSF;.WSH;.MSC
LC_CTYPE=en_US.UTF-8
DISPLAY=needs-to-be-defined
ORIGINAL_TEMP=C:/Users/Yasmin/AppData/Local/Temp
CommonProgramW6432=C:\Program Files\Common Files
ProgramFiles(x86)=C:\Program Files (x86)
VSCODE_GIT_ASKPASS_EXTRA_ARGS=
COMSPEC=C:\WINDOWS\system32\cmd.exe
MSYSTEM_CARCH=x86_64
USERNAME=Yasmin
NVM_HOME=C:\Users\Administrator\AppData\Local\nvm
GIT_ASKPASS=c:\Program Files\Microsoft VS Code\resources\app\extensions\git\dist\askpass.sh
MINGW_CHOST=x86_64-w64-mingw32
TERM=xterm
ORIGINAL_XDG_CURRENT_DESKTOP=undefined
LANG=en_US.UTF-8
PATH=C:/Program Files/Git/mingw64/libexec/git-core;C:\Users\Yasmin\bin;C:\Program Files\Git\mingw64\bin;C:\Program Files\Git\usr\local\bin;C:\Program Files\Git\usr\bin;C:\Program Files\Git\usr\bin;C:\Program Files\Git\mingw64\bin;C:\Program Files\Git\usr\bin;C:\Users\Yasmin\bin;C:\Program Files\MongoDB\Server\8.2\bin;C:\WINDOWS;C:\WINDOWS\System32\Wbem;C:\WINDOWS\System32\WindowsPowerShell\v1.0;C:\WINDOWS\System32\OpenSSH;C:\Program Files\Microsoft VS Code\bin;C:\Program Files\Git\cmd;C:\Users\Administrator\AppData\Local\nvm;C:\nvm4w\nodejs;C:\Program Files\nodejs;C:\Users\Yasmin\AppData\Roaming\npm;C:\Users\Yasmin\AppData\Local\GitHubDesktop\bin;C:\Program Files\Git\usr\bin\vendor_perl;C:\Program Files\Git\usr\bin\core_perl
OneDrive=C:\Users\Yasmin\OneDrive
PSModulePath=C:\Program Files\WindowsPowerShell\Modules;C:\WINDOWS\system32\WindowsPowerShell\v1.0\Modules
PROCESSOR_REVISION=8e0c
GIT_EXEC_PATH=C:/Program Files/Git/mingw64/libexec/git-core
PWD=C:/Users/Yasmin/Desktop/MERN/express-js-server-side-framework-Yasminopiyo30
APPDATA=C:\Users\Yasmin\AppData\Roaming
C:\Users\Administrator\AppData\Local\nvm=C:\Users\Administrator\AppData\Local\nvm
FPS_BROWSER_APP_PROFILE_STRING=Internet Explorer
EFC_16316_1262719628=1
FPS_BROWSER_USER_PROFILE_STRING=Default
DriverData=C:\Windows\System32\Drivers\DriverData
WINDIR=C:\WINDOWS
PLINK_PROTOCOL=ssh
PROCESSOR_LEVEL=6
EXEPATH=C:\Program Files\Git
NVM_SYMLINK=C:\nvm4w\nodejs
HOMEDRIVE=C:
PKG_CONFIG_SYSTEM_INCLUDE_PATH=C:/Program Files/Git/mingw64/include
PKG_CONFIG_SYSTEM_LIBRARY_PATH=C:/Program Files/Git/mingw64/lib
PROGRAMFILES=C:\Program Files (x86)
OLDPWD=C:/Users/Yasmin/Desktop/MERN
SSH_ASKPASS=C:/Program Files/Git/mingw64/bin/git-askpass.exe
USERPROFILE=C:\Users\Yasmin
GIT_TRACE2_PARENT_SID=4a55c839-4700-414b-a185-d211ce3c474b
PROCESSOR_IDENTIFIER=Intel64 Family 6 Model 142 Stepping 12, GenuineIntel
CommonProgramFiles(x86)=C:\Program Files (x86)\Common Files
SESSIONNAME=Console
TMP=C:\Users\Yasmin\AppData\Local\Temp
COMPUTERNAME=DESKTOP-AV2PARO
TERM_PROGRAM_VERSION=1.105.1
HOSTNAME=DESKTOP-AV2PARO
TERM_PROGRAM=vscode
USERDOMAIN=DESKTOP-AV2PARO
NUMBER_OF_PROCESSORS=8
PS1=\[]633;A\]\[\033]0;$TITLEPREFIX:$PWD\007\]\n\[\033[32m\]\u@\h \[\033[35m\]$MSYSTEM \[\033[33m\]\w\[\033[36m\]`__git_ps1`\[\033[0m\]\n$ \[]633;B\]
CHROME_CRASHPAD_PIPE_NAME=\\.\pipe\crashpad_8984_FMKMNWZODGYURIRW
SYSTEMDRIVE=C:
VSCODE_GIT_ASKPASS_NODE=C:\Program Files\Microsoft VS Code\Code.exe
USERDOMAIN_ROAMINGPROFILE=DESKTOP-AV2PARO
COMMONPROGRAMFILES=C:\Program Files (x86)\Common Files
VSCODE_GIT_IPC_HANDLE=\\.\pipe\vscode-git-e91a630e56-sock
VSCODE_PYTHON_AUTOACTIVATE_GUARD=1
HOMEPATH=\Users\Yasmin
EFC_16316_2775293581=1
HOME=C:\Users\Yasmin
MSYSTEM_PREFIX=C:/Program Files/Git/mingw64
PROCESSOR_ARCHITEW6432=AMD64
TEMP=C:\Users\Yasmin\AppData\Local\Temp


------------
Diagnostic: File system
Skipped: False
Success: True
Exception: None
Log:
Temporary directory is 'C:\Users\Yasmin\AppData\Local\Temp\'...
Checking basic file I/O...
Writing to temporary file 'C:\Users\Yasmin\AppData\Local\Temp\dbaf4f309e6a60b36f74730f'... OK
Reading from temporary file 'C:\Users\Yasmin\AppData\Local\Temp\dbaf4f309e6a60b36f74730f'... OK
Deleting temporary file 'C:\Users\Yasmin\AppData\Local\Temp\dbaf4f309e6a60b36f74730f'... OK
Testing IFileSystem instance...
UserHomePath: C:\Users\Yasmin
UserDataDirectoryPath: C:\Users\Yasmin\.gcm
GetCurrentDirectory(): C:\Users\Yasmin\Desktop\MERN\express-js-server-side-framework-Yasminopiyo30

------------
Diagnostic: Networking
Skipped: False
Success: True
Exception: None
Log:
Checking networking and HTTP stack...
Creating HTTP client... OK
IsNetworkAvailable: True
Sending HEAD request to http://example.com...Sending HEAD request to https://example.com... OK
 OK
Acquiring free TCP port... OK
Testing local HTTP loopback connections...
Creating new HTTP listener for http://localhost:63540/... OK
Waiting for loopback connection... OK
Writing response... OK
Waiting for response data... OK
Loopback connection data OK

------------
Diagnostic: Git
Skipped: False
Success: True
Exception: None
Log:
Getting Git version... OK
Git version is '2.51.2.windows.1'
Locating current repository...Git repository at 'C:/Users/Yasmin/Desktop/MERN/express-js-server-side-framework-Yasminopiyo30/.git'
 OK
Listing all Git configuration... OK
Git configuration:
file:C:/Program Files/Git/etc/gitconfig	diff.astextplain.textconv=astextplain
file:C:/Program Files/Git/etc/gitconfig	filter.lfs.clean=git-lfs clean -- %f
file:C:/Program Files/Git/etc/gitconfig	filter.lfs.smudge=git-lfs smudge -- %f
file:C:/Program Files/Git/etc/gitconfig	filter.lfs.process=git-lfs filter-process
file:C:/Program Files/Git/etc/gitconfig	filter.lfs.required=true
file:C:/Program Files/Git/etc/gitconfig	http.sslbackend=schannel
file:C:/Program Files/Git/etc/gitconfig	core.autocrlf=true
file:C:/Program Files/Git/etc/gitconfig	core.fscache=true
file:C:/Program Files/Git/etc/gitconfig	core.symlinks=false
file:C:/Program Files/Git/etc/gitconfig	pull.rebase=false
file:C:/Program Files/Git/etc/gitconfig	credential.helper=manager
file:C:/Program Files/Git/etc/gitconfig	credential.https://dev.azure.com.usehttppath=true
file:C:/Program Files/Git/etc/gitconfig	init.defaultbranch=master
file:C:/Users/Yasmin/.gitconfig	filter.lfs.clean=git-lfs clean -- %f
file:C:/Users/Yasmin/.gitconfig	filter.lfs.smudge=git-lfs smudge -- %f
file:C:/Users/Yasmin/.gitconfig	filter.lfs.process=git-lfs filter-process
file:C:/Users/Yasmin/.gitconfig	filter.lfs.required=true
file:C:/Users/Yasmin/.gitconfig	user.name=yasminACS
file:C:/Users/Yasmin/.gitconfig	user.email=yasmin@africacloudspace.com
file:.git/config	core.repositoryformatversion=0
file:.git/config	core.filemode=false
file:.git/config	core.bare=false
file:.git/config	core.logallrefupdates=true
file:.git/config	core.symlinks=false
file:.git/config	core.ignorecase=true
file:.git/config	remote.origin.url=https://github.com/PLP-MERN-Stack-Development/express-js-server-side-framework-Yasminopiyo30.git
file:.git/config	remote.origin.fetch=+refs/heads/*:refs/remotes/origin/*
file:.git/config	branch.main.remote=origin
file:.git/config	branch.main.merge=refs/heads/main
file:.git/config	branch.main.vscode-merge-base=origin/main


------------
Diagnostic: Credential storage
Skipped: False
Success: True
Exception: None
Log:
ICredentialStore instance is of type: CredentialStore
Writing test credential... OK
Reading test credential... OK
Deleting test credential... OK

------------
Diagnostic: Microsoft authentication (AAD/MSA)
Skipped: False
Success: True
Exception: None
Log:
Broker is not enabled.
Flow type is: Auto
Gathering MSAL token cache data... OK
CacheDirectory: C:\Users\Yasmin\AppData\Local\.IdentityService
CacheFileName: msal.cache
CacheFilePath: C:\Users\Yasmin\AppData\Local\.IdentityService\msal.cache
Creating cache helper... OK
Verifying MSAL token cache persistence... OK

------------
Diagnostic: GitHub API
Skipped: False
Success: True
Exception: None
Log:
Using 'https://github.com/' as API target.
Querying '/meta' endpoint... OK

